<?xml version="1.0" encoding="UTF-8"?><TEI xmlns="http://www.tei-c.org/ns/1.0">
   <teiHeader>
      <fileDesc>
         <titleStmt>
            <title>Concordance lexical entry for lemma: test-linkGrp.xml</title>
         </titleStmt>
         <publicationStmt/>
         <sourceDesc>
            <bibl/>
         </sourceDesc>
      </fileDesc>
   </teiHeader>
   <text>
      <body>
         <entry>
            <form type="lemma">
               <orth xml:lang="mix">ika</orth>
               <pron xml:lang="mix" notation="ipa"/>
            </form>
            <gramGrp>
               <pos/>
            </gramGrp>
            <sense>
               <cit type="example">
                  <quote xml:lang="mix">Ika , tsini ñu'u ña ka'an</quote>
                  <cit type="translation">
                     <quote xml:lang="en">Therefore, it's necessary to speak.</quote>
                  </cit>
                  <cit type="translation">
                     <quote xml:lang="es"/>
                  </cit>
               </cit>
               <cit type="translation">
                  <form>
                     <orth xml:lang="en">therefore</orth>
                  </form>
               </cit>
               <cit type="translation">
                  <form>
                     <orth xml:lang="es"/>
                  </form>
               </cit>
            </sense>
         </entry>
         <entry>
            <form type="lemma">
               <orth xml:lang="mix">nti'o</orth>
               <pron xml:lang="mix" notation="ipa"/>
            </form>
            <gramGrp>
               <pos/>
            </gramGrp>
            <sense>
               <cit type="example">
                  <quote xml:lang="mix">Nti'o nivatsi .</quote>
                  <cit type="translation">
                     <quote xml:lang="en">All of us, came.</quote>
                  </cit>
                  <cit type="translation">
                     <quote xml:lang="es"/>
                  </cit>
               </cit>
               <cit type="translation">
                  <form>
                     <orth xml:lang="en">all of us</orth>
                  </form>
               </cit>
               <cit type="translation">
                  <form>
                     <orth xml:lang="es"/>
                  </form>
               </cit>
            </sense>
         </entry>
         <entry>
            <form type="lemma">
               <orth xml:lang="mix">ka'an</orth>
               <pron xml:lang="mix" notation="ipa"/>
            </form>
            <gramGrp>
               <pos/>
            </gramGrp>
            <sense>
               <cit type="example">
                  <quote xml:lang="mix">Ika , tsini ñu'u ña ka'an</quote>
                  <cit type="translation">
                     <quote xml:lang="en">Therefore, it's necessary to speak.</quote>
                  </cit>
                  <cit type="translation">
                     <quote xml:lang="es"/>
                  </cit>
               </cit>
               <cit type="translation">
                  <form>
                     <orth xml:lang="en">speak</orth>
                  </form>
               </cit>
               <cit type="translation">
                  <form>
                     <orth xml:lang="es"/>
                  </form>
               </cit>
            </sense>
         </entry>
         <entry>
            <form type="inflected">
               <orth xml:lang="mix">nivatsi</orth>
               <gramGrp>
                  <pos/>
                  <per/>
                  <number/>
               </gramGrp>
               <gloss xml:lang="en">came</gloss>
            </form>
            <gramGrp>
               <pos/>
            </gramGrp>
            <sense>
               <cit type="example">
                  <quote xml:lang="mix">Nti'o nivatsi .</quote>
                  <cit type="translation">
                     <quote xml:lang="en">All of us, came.</quote>
                  </cit>
                  <cit type="translation">
                     <quote xml:lang="es"/>
                  </cit>
               </cit>
               <cit type="translation">
                  <form>
                     <orth xml:lang="en">came</orth>
                  </form>
               </cit>
               <cit type="translation">
                  <form>
                     <orth xml:lang="es"/>
                  </form>
               </cit>
            </sense>
         </entry>
         <entry type="compound">
            <form type="lemma">
               <orth xml:lang="mix">tsini ñu'u</orth>
            </form>
            <gramGrp>
               <pos/>
            </gramGrp>
            <sense>
               <cit type="example">
                  <quote xml:lang="mix">Ika , tsini ñu'u ña ka'an</quote>
                  <cit type="translation">
                     <quote xml:lang="en">Therefore, it's necessary to speak.</quote>
                  </cit>
                  <cit type="translation">
                     <quote xml:lang="es"/>
                  </cit>
               </cit>
               <cit type="translation">
                  <form>
                     <orth xml:lang="en">it's necessary</orth>
                  </form>
               </cit>
               <cit type="translation">
                  <form>
                     <orth xml:lang="es"/>
                  </form>
               </cit>
            </sense>
         </entry>
         <entry>
            <form type="lemma">
               <orth xml:lang="mix">ña</orth>
               <pron xml:lang="mix" notation="ipa"/>
            </form>
            <gramGrp>
               <pos/>
            </gramGrp>
            <sense>
               <cit type="example">
                  <quote xml:lang="mix">Ika , tsini ñu'u ña ka'an</quote>
                  <cit type="translation">
                     <quote xml:lang="en">Therefore, it's necessary to speak.</quote>
                  </cit>
                  <cit type="translation">
                     <quote xml:lang="es"/>
                  </cit>
               </cit>
               <cit type="translation">
                  <form>
                     <orth xml:lang="en">that</orth>
                  </form>
               </cit>
               <cit type="translation">
                  <form>
                     <orth xml:lang="es"/>
                  </form>
               </cit>
            </sense>
         </entry>
         
      </body>
   </text>
</TEI>